remark: C:\scratch\2022.2\hls_product\608\2022.2\src\shared\hls\clib/include/header_files\ap_int_base.h:219:72: Inlining function 'ssdm_int<64, false>::ssdm_int(unsigned long)' into 'ap_int_base<64, false>::ap_int_base(unsigned long long)'
remark: <unknown>:0:0: Inlining function 'ap_int_base<64, false>::ap_int_base(unsigned long long)' into 'ap_uint<64>::ap_uint(unsigned long long)'
remark: C:\scratch\2022.2\hls_product\608\2022.2\src\shared\hls\clib/include/header_files\ap_int_base.h:1129:30: Inlining function 'ap_bit_ref<64, false>::ap_bit_ref(ap_int_base<64, false>*, int)' into 'ap_int_base<64, false>::operator[](int)'
remark: C:\scratch\2022.2\hls_product\608\2022.2\src\shared\hls\clib/include/header_files\ap_int_base.h:1129:30: Inlining function 'ap_bit_ref<1, false>::ap_bit_ref(ap_int_base<1, false>*, int)' into 'ap_int_base<1, false>::operator[](int)'
remark: C:\scratch\2022.2\hls_product\608\2022.2\src\shared\hls\clib/include/header_files\ap_int_ref.h:845:38: Inlining function 'ap_bit_ref<64, false>::operator bool() const' into 'ap_bit_ref<1, false>& ap_bit_ref<1, false>::operator=<64, false>(ap_bit_ref<64, false> const&)'
remark: C:\scratch\2022.2\hls_product\608\2022.2\src\shared\hls\clib/include/header_files\ap_int_ref.h:845:12: Inlining function 'ap_bit_ref<1, false>::operator=(unsigned long long)' into 'ap_bit_ref<1, false>& ap_bit_ref<1, false>::operator=<64, false>(ap_bit_ref<64, false> const&)'
remark: C:\scratch\2022.2\hls_product\608\2022.2\src\shared\hls\clib/include/header_files\ap_int_base.h:1048:12: Inlining function 'ap_range_ref<64, false>::ap_range_ref(ap_int_base<64, false>*, int, int)' into 'ap_int_base<64, false>::range(int, int)'
remark: C:\scratch\2022.2\hls_product\608\2022.2\src\shared\hls\clib/include/header_files\ap_int_base.h:1085:18: Inlining function 'ap_int_base<64, false>::range(int, int)' into 'ap_int_base<64, false>::operator()(int, int)'
remark: C:\scratch\2022.2\hls_product\608\2022.2\src\shared\hls\clib/include/header_files\ap_int_base.h:1048:12: Inlining function 'ap_range_ref<11, false>::ap_range_ref(ap_int_base<11, false>*, int, int)' into 'ap_int_base<11, false>::range(int, int)'
remark: C:\scratch\2022.2\hls_product\608\2022.2\src\shared\hls\clib/include/header_files\ap_int_base.h:1085:18: Inlining function 'ap_int_base<11, false>::range(int, int)' into 'ap_int_base<11, false>::operator()(int, int)'
remark: C:\scratch\2022.2\hls_product\608\2022.2\src\shared\hls\clib/include/header_files\ap_int_base.h:358:20: Inlining function 'ap_range_ref<64, false>::get() const' into 'ap_int_base<64, false>::ap_int_base<64, false>(ap_range_ref<64, false> const&)'
remark: C:\scratch\2022.2\hls_product\608\2022.2\src\shared\hls\clib/include/header_files\ap_int_base.h:185:106: Inlining function '_ZN8ssdm_intILi11ELb0EEC2EDq11_j' into 'ap_int_base<11, false>::ap_int_base<64, false>(ap_int_base<64, false> const&)'
remark: C:\scratch\2022.2\hls_product\608\2022.2\src\shared\hls\clib/include/header_files\ap_int_ref.h:367:31: Inlining function 'ap_int_base<11, false>::ap_int_base<64, false>(ap_int_base<64, false> const&)' into 'ap_range_ref<11, false>& ap_range_ref<11, false>::operator=<64, false>(ap_int_base<64, false> const&)'
remark: C:\scratch\2022.2\hls_product\608\2022.2\src\shared\hls\clib/include/header_files\ap_int_ref.h:382:22: Inlining function 'ap_int_base<64, false>::ap_int_base<64, false>(ap_range_ref<64, false> const&)' into 'ap_range_ref<11, false>& ap_range_ref<11, false>::operator=<64, false>(ap_range_ref<64, false> const&)'
remark: C:\scratch\2022.2\hls_product\608\2022.2\src\shared\hls\clib/include/header_files\ap_int_ref.h:382:12: Inlining function 'ap_range_ref<11, false>& ap_range_ref<11, false>::operator=<64, false>(ap_int_base<64, false> const&)' into 'ap_range_ref<11, false>& ap_range_ref<11, false>::operator=<64, false>(ap_range_ref<64, false> const&)'
remark: C:\scratch\2022.2\hls_product\608\2022.2\src\shared\hls\clib/include/header_files\ap_int_base.h:1048:12: Inlining function 'ap_range_ref<52, false>::ap_range_ref(ap_int_base<52, false>*, int, int)' into 'ap_int_base<52, false>::range(int, int)'
remark: C:\scratch\2022.2\hls_product\608\2022.2\src\shared\hls\clib/include/header_files\ap_int_base.h:1085:18: Inlining function 'ap_int_base<52, false>::range(int, int)' into 'ap_int_base<52, false>::operator()(int, int)'
remark: C:\scratch\2022.2\hls_product\608\2022.2\src\shared\hls\clib/include/header_files\ap_int_base.h:185:106: Inlining function '_ZN8ssdm_intILi52ELb0EEC2EDq52_j' into 'ap_int_base<52, false>::ap_int_base<64, false>(ap_int_base<64, false> const&)'
remark: C:\scratch\2022.2\hls_product\608\2022.2\src\shared\hls\clib/include/header_files\ap_int_ref.h:367:31: Inlining function 'ap_int_base<52, false>::ap_int_base<64, false>(ap_int_base<64, false> const&)' into 'ap_range_ref<52, false>& ap_range_ref<52, false>::operator=<64, false>(ap_int_base<64, false> const&)'
remark: C:\scratch\2022.2\hls_product\608\2022.2\src\shared\hls\clib/include/header_files\ap_int_ref.h:382:22: Inlining function 'ap_int_base<64, false>::ap_int_base<64, false>(ap_range_ref<64, false> const&)' into 'ap_range_ref<52, false>& ap_range_ref<52, false>::operator=<64, false>(ap_range_ref<64, false> const&)'
remark: C:\scratch\2022.2\hls_product\608\2022.2\src\shared\hls\clib/include/header_files\ap_int_ref.h:382:12: Inlining function 'ap_range_ref<52, false>& ap_range_ref<52, false>::operator=<64, false>(ap_int_base<64, false> const&)' into 'ap_range_ref<52, false>& ap_range_ref<52, false>::operator=<64, false>(ap_range_ref<64, false> const&)'
remark: C:\scratch\2022.2\hls_product\608\2022.2\src\shared\hls\clib/src/hls\utils/x_hls_utils.h:491:19: Inlining function 'ap_range_ref<52, false>& ap_range_ref<52, false>::operator=<64, false>(ap_range_ref<64, false> const&)' into 'fp_struct<double>::fp_struct(double)'
remark: C:\scratch\2022.2\hls_product\608\2022.2\src\shared\hls\clib/src/hls\utils/x_hls_utils.h:491:9: Inlining function 'ap_int_base<52, false>::operator()(int, int)' into 'fp_struct<double>::fp_struct(double)'
remark: C:\scratch\2022.2\hls_product\608\2022.2\src\shared\hls\clib/src/hls\utils/x_hls_utils.h:491:21: Inlining function 'ap_int_base<64, false>::operator()(int, int)' into 'fp_struct<double>::fp_struct(double)'
remark: C:\scratch\2022.2\hls_product\608\2022.2\src\shared\hls\clib/src/hls\utils/x_hls_utils.h:490:19: Inlining function 'ap_range_ref<11, false>& ap_range_ref<11, false>::operator=<64, false>(ap_range_ref<64, false> const&)' into 'fp_struct<double>::fp_struct(double)'
remark: C:\scratch\2022.2\hls_product\608\2022.2\src\shared\hls\clib/src/hls\utils/x_hls_utils.h:490:9: Inlining function 'ap_int_base<11, false>::operator()(int, int)' into 'fp_struct<double>::fp_struct(double)'
remark: C:\scratch\2022.2\hls_product\608\2022.2\src\shared\hls\clib/src/hls\utils/x_hls_utils.h:490:21: Inlining function 'ap_int_base<64, false>::operator()(int, int)' into 'fp_struct<double>::fp_struct(double)'
remark: C:\scratch\2022.2\hls_product\608\2022.2\src\shared\hls\clib/src/hls\utils/x_hls_utils.h:489:17: Inlining function 'ap_bit_ref<1, false>& ap_bit_ref<1, false>::operator=<64, false>(ap_bit_ref<64, false> const&)' into 'fp_struct<double>::fp_struct(double)'
remark: C:\scratch\2022.2\hls_product\608\2022.2\src\shared\hls\clib/src/hls\utils/x_hls_utils.h:489:9: Inlining function 'ap_int_base<1, false>::operator[](int)' into 'fp_struct<double>::fp_struct(double)'
remark: C:\scratch\2022.2\hls_product\608\2022.2\src\shared\hls\clib/src/hls\utils/x_hls_utils.h:489:19: Inlining function 'ap_int_base<64, false>::operator[](int)' into 'fp_struct<double>::fp_struct(double)'
remark: C:\scratch\2022.2\hls_product\608\2022.2\src\shared\hls\clib/include/header_files\ap_int_base.h:214:67: Inlining function 'ssdm_int<32, true>::ssdm_int(int)' into 'ap_int_base<32, true>::ap_int_base(int)'
remark: C:\scratch\2022.2\hls_product\608\2022.2\src\shared\hls\clib/include/header_files\ap_int_base.h:1788:1853: Inlining function 'ap_int_base<32, true>::ap_int_base(int)' into 'bool operator==<11, false>(ap_int_base<11, false> const&, int)'
remark: C:\scratch\2022.2\hls_product\608\2022.2\src\shared\hls\clib/include/header_files\ap_int_base.h:1788:1850: Inlining function 'bool ap_int_base<11, false>::operator==<32, true>(ap_int_base<32, true> const&) const' into 'bool operator==<11, false>(ap_int_base<11, false> const&, int)'
remark: C:\scratch\2022.2\hls_product\608\2022.2\src\shared\hls\clib/include/header_files\ap_int_base.h:1788:2233: Inlining function 'ap_int_base<32, true>::ap_int_base(int)' into 'bool operator!=<52, false>(ap_int_base<52, false> const&, int)'
remark: C:\scratch\2022.2\hls_product\608\2022.2\src\shared\hls\clib/include/header_files\ap_int_base.h:1788:2230: Inlining function 'bool ap_int_base<52, false>::operator!=<32, true>(ap_int_base<32, true> const&) const' into 'bool operator!=<52, false>(ap_int_base<52, false> const&, int)'
remark: C:\scratch\2022.2\hls_product\608\2022.2\src\shared\hls\clib/hlsmath/include/FloatingPoint/hls_isnan.h:18:22: Inlining function 'bool operator==<11, false>(ap_int_base<11, false> const&, int)' into 'int generic_isnan<double>(double)'
remark: C:\scratch\2022.2\hls_product\608\2022.2\src\shared\hls\clib/hlsmath/include/FloatingPoint/hls_isnan.h:18:62: Inlining function 'bool operator!=<52, false>(ap_int_base<52, false> const&, int)' into 'int generic_isnan<double>(double)'
remark: C:\scratch\2022.2\hls_product\608\2022.2\src\shared\hls\clib/hlsmath/include/FloatingPoint/hls_isnan.h:16:0: Inlining function 'fp_struct<double>::fp_struct(double)' into 'int generic_isnan<double>(double)'
remark: C:\scratch\2022.2\hls_product\608\2022.2\src\shared\hls\clib\hlsmath\src\c\isnandouble.cpp:7:0: Inlining function 'int generic_isnan<double>(double)' into '__isnan'
remark: ../C_for_HLS/rt_nonfinite.c:71:0: Inlining function '__isnan' into 'rtIsNaNF'
warning: <unknown>:0:0: The program may have out of bound array access
warning: <unknown>:0:0: The program may have out of bound array access
warning: <unknown>:0:0: The program may have out of bound array access
warning: <unknown>:0:0: The program may have out of bound array access
