#-----------------------------------------------------------
# Vivado v2022.2 (64-bit)
# SW Build 3671981 on Fri Oct 14 05:00:03 MDT 2022
# IP Build 3669848 on Fri Oct 14 08:30:02 MDT 2022
# Start of session at: Sat Dec 24 04:42:26 2022
# Process ID: 23996
# Current directory: C:/Users/ihsan/Documents/MATLAB/svm_speech_23122022_30data_/HLS/SVM_speech_30/solution1/impl/ip
# Command line: vivado.exe -notrace -mode batch -source run_ippack.tcl
# Log file: C:/Users/ihsan/Documents/MATLAB/svm_speech_23122022_30data_/HLS/SVM_speech_30/solution1/impl/ip/vivado.log
# Journal file: C:/Users/ihsan/Documents/MATLAB/svm_speech_23122022_30data_/HLS/SVM_speech_30/solution1/impl/ip\vivado.jou
# Running On: IHSANALHAFIZ-LAPTOP, OS: Windows, CPU Frequency: 2803 MHz, CPU Physical cores: 4, Host memory: 16965 MB
#-----------------------------------------------------------
source run_ippack.tcl -notrace
INFO: [IP_Flow 19-234] Refreshing IP repositories
INFO: [IP_Flow 19-1704] No user IP repositories specified
INFO: [IP_Flow 19-2313] Loaded Vivado IP repository 'C:/Xilinx/Vivado/2022.2/data/ip'.
WARNING: [IP_Flow 19-4832] The IP name 'svm_speech_30_fadd_32ns_32ns_32_2_full_dsp_1_ip' you have specified is long. The Windows operating system has path length limitations. It is recommended you use shorter names to reduce the likelihood of issues.
INFO: [IP_Flow 19-1686] Generating 'Synthesis' target for IP 'svm_speech_30_fadd_32ns_32ns_32_2_full_dsp_1_ip'...
INFO: [IP_Flow 19-1686] Generating 'Simulation' target for IP 'svm_speech_30_fadd_32ns_32ns_32_2_full_dsp_1_ip'...
WARNING: [IP_Flow 19-4832] The IP name 'svm_speech_30_faddfsub_32ns_32ns_32_2_full_dsp_1_ip' you have specified is long. The Windows operating system has path length limitations. It is recommended you use shorter names to reduce the likelihood of issues.
INFO: [IP_Flow 19-1686] Generating 'Synthesis' target for IP 'svm_speech_30_faddfsub_32ns_32ns_32_2_full_dsp_1_ip'...
INFO: [IP_Flow 19-1686] Generating 'Simulation' target for IP 'svm_speech_30_faddfsub_32ns_32ns_32_2_full_dsp_1_ip'...
WARNING: [IP_Flow 19-4832] The IP name 'svm_speech_30_fcmp_32ns_32ns_1_1_no_dsp_1_ip' you have specified is long. The Windows operating system has path length limitations. It is recommended you use shorter names to reduce the likelihood of issues.
INFO: [IP_Flow 19-1686] Generating 'Synthesis' target for IP 'svm_speech_30_fcmp_32ns_32ns_1_1_no_dsp_1_ip'...
INFO: [IP_Flow 19-1686] Generating 'Simulation' target for IP 'svm_speech_30_fcmp_32ns_32ns_1_1_no_dsp_1_ip'...
WARNING: [IP_Flow 19-4832] The IP name 'svm_speech_30_fdiv_32ns_32ns_32_3_no_dsp_1_ip' you have specified is long. The Windows operating system has path length limitations. It is recommended you use shorter names to reduce the likelihood of issues.
INFO: [IP_Flow 19-1686] Generating 'Synthesis' target for IP 'svm_speech_30_fdiv_32ns_32ns_32_3_no_dsp_1_ip'...
INFO: [IP_Flow 19-1686] Generating 'Simulation' target for IP 'svm_speech_30_fdiv_32ns_32ns_32_3_no_dsp_1_ip'...
WARNING: [IP_Flow 19-4832] The IP name 'svm_speech_30_fmul_32ns_32ns_32_1_max_dsp_1_ip' you have specified is long. The Windows operating system has path length limitations. It is recommended you use shorter names to reduce the likelihood of issues.
INFO: [IP_Flow 19-1686] Generating 'Synthesis' target for IP 'svm_speech_30_fmul_32ns_32ns_32_1_max_dsp_1_ip'...
INFO: [IP_Flow 19-1686] Generating 'Simulation' target for IP 'svm_speech_30_fmul_32ns_32ns_32_1_max_dsp_1_ip'...
WARNING: [IP_Flow 19-4832] The IP name 'svm_speech_30_fpext_32ns_64_1_no_dsp_1_ip' you have specified is long. The Windows operating system has path length limitations. It is recommended you use shorter names to reduce the likelihood of issues.
INFO: [IP_Flow 19-1686] Generating 'Synthesis' target for IP 'svm_speech_30_fpext_32ns_64_1_no_dsp_1_ip'...
INFO: [IP_Flow 19-1686] Generating 'Simulation' target for IP 'svm_speech_30_fpext_32ns_64_1_no_dsp_1_ip'...
WARNING: [IP_Flow 19-4832] The IP name 'svm_speech_30_fptrunc_64ns_32_1_no_dsp_1_ip' you have specified is long. The Windows operating system has path length limitations. It is recommended you use shorter names to reduce the likelihood of issues.
INFO: [IP_Flow 19-1686] Generating 'Synthesis' target for IP 'svm_speech_30_fptrunc_64ns_32_1_no_dsp_1_ip'...
INFO: [IP_Flow 19-1686] Generating 'Simulation' target for IP 'svm_speech_30_fptrunc_64ns_32_1_no_dsp_1_ip'...
WARNING: [IP_Flow 19-4832] The IP name 'svm_speech_30_sitodp_32ns_64_2_no_dsp_1_ip' you have specified is long. The Windows operating system has path length limitations. It is recommended you use shorter names to reduce the likelihood of issues.
INFO: [IP_Flow 19-1686] Generating 'Synthesis' target for IP 'svm_speech_30_sitodp_32ns_64_2_no_dsp_1_ip'...
INFO: [IP_Flow 19-1686] Generating 'Simulation' target for IP 'svm_speech_30_sitodp_32ns_64_2_no_dsp_1_ip'...
WARNING: [IP_Flow 19-4832] The IP name 'svm_speech_30_sitofp_32ns_32_2_no_dsp_1_ip' you have specified is long. The Windows operating system has path length limitations. It is recommended you use shorter names to reduce the likelihood of issues.
INFO: [IP_Flow 19-1686] Generating 'Synthesis' target for IP 'svm_speech_30_sitofp_32ns_32_2_no_dsp_1_ip'...
INFO: [IP_Flow 19-1686] Generating 'Simulation' target for IP 'svm_speech_30_sitofp_32ns_32_2_no_dsp_1_ip'...
INFO: [IP_Flow 19-234] Refreshing IP repositories
INFO: [IP_Flow 19-1704] No user IP repositories specified
INFO: [IP_Flow 19-2313] Loaded Vivado IP repository 'C:/Xilinx/Vivado/2022.2/data/ip'.
INFO: [Common 17-206] Exiting Vivado at Sat Dec 24 04:43:01 2022...
