
*** Running vivado
    with args -log bd_0_wrapper.vds -m64 -product Vivado -mode batch -messageDb vivado.pb -notrace -source bd_0_wrapper.tcl



****** Vivado v2022.2 (64-bit)
  **** SW Build 3671981 on Fri Oct 14 05:00:03 MDT 2022
  **** IP Build 3669848 on Fri Oct 14 08:30:02 MDT 2022
    ** Copyright 1986-2022 Xilinx, Inc. All Rights Reserved.

source bd_0_wrapper.tcl -notrace
INFO: Dispatch client connection id - 57235
INFO: [IP_Flow 19-234] Refreshing IP repositories
INFO: [IP_Flow 19-1700] Loaded user IP repository 'c:/Users/ihsan/Documents/MATLAB/svm_speech_23122022_30data_/HLS/SVM_speech_30/solution1/impl/ip'.
INFO: [IP_Flow 19-2313] Loaded Vivado IP repository 'C:/Xilinx/Vivado/2022.2/data/ip'.
WARNING: [IP_Flow 19-4995] The host OS only allows 260 characters in a normal path. The IP cache path is more than 80 characters. If you experience issues with IP caching, please consider changing the IP cache to a location with a shorter path. Alternately consider using the OS subst command to map part of the path to a drive letter. 
Current IP cache path is c:/Users/ihsan/Documents/MATLAB/svm_speech_23122022_30data_/HLS/SVM_speech_30/solution1/impl/vhdl/project.cache/ip 
Command: synth_design -top bd_0_wrapper -part xc7z020clg400-1 -mode out_of_context
Starting synth_design
Attempting to get a license for feature 'Synthesis' and/or device 'xc7z020'
INFO: [Common 17-349] Got license for feature 'Synthesis' and/or device 'xc7z020'
INFO: [Device 21-403] Loading part xc7z020clg400-1
INFO: [Synth 8-7079] Multithreading enabled for synth_design using a maximum of 2 processes.
INFO: [Synth 8-7078] Launching helper process for spawning children vivado processes
INFO: [Synth 8-7075] Helper process launched with PID 24984
INFO: [Synth 8-11241] undeclared symbol 'REGCCE', assumed default net type 'wire' [C:/Xilinx/Vivado/2022.2/data/verilog/src/unimacro/BRAM_SINGLE_MACRO.v:2170]
---------------------------------------------------------------------------------
Starting RTL Elaboration : Time (s): cpu = 00:00:02 ; elapsed = 00:00:06 . Memory (MB): peak = 1225.117 ; gain = 406.660
---------------------------------------------------------------------------------
INFO: [Synth 8-638] synthesizing module 'bd_0_wrapper' [c:/Users/ihsan/Documents/MATLAB/svm_speech_23122022_30data_/HLS/SVM_speech_30/solution1/impl/vhdl/project.gen/sources_1/bd/bd_0/hdl/bd_0_wrapper.vhd:107]
INFO: [Synth 8-3491] module 'bd_0' declared at 'c:/Users/ihsan/Documents/MATLAB/svm_speech_23122022_30data_/HLS/SVM_speech_30/solution1/impl/vhdl/project.gen/sources_1/bd/bd_0/synth/bd_0.vhd:14' bound to instance 'bd_0_i' of component 'bd_0' [c:/Users/ihsan/Documents/MATLAB/svm_speech_23122022_30data_/HLS/SVM_speech_30/solution1/impl/vhdl/project.gen/sources_1/bd/bd_0/hdl/bd_0_wrapper.vhd:201]
INFO: [Synth 8-638] synthesizing module 'bd_0' [c:/Users/ihsan/Documents/MATLAB/svm_speech_23122022_30data_/HLS/SVM_speech_30/solution1/impl/vhdl/project.gen/sources_1/bd/bd_0/synth/bd_0.vhd:111]
INFO: [Synth 8-3491] module 'bd_0_hls_inst_0' declared at 'C:/Users/ihsan/Documents/MATLAB/svm_speech_23122022_30data_/HLS/SVM_speech_30/solution1/impl/vhdl/project.runs/synth_1/.Xil/Vivado-11740-IHSANALHAFIZ-LAPTOP/realtime/bd_0_hls_inst_0_stub.vhdl:5' bound to instance 'hls_inst' of component 'bd_0_hls_inst_0' [c:/Users/ihsan/Documents/MATLAB/svm_speech_23122022_30data_/HLS/SVM_speech_30/solution1/impl/vhdl/project.gen/sources_1/bd/bd_0/synth/bd_0.vhd:479]
INFO: [Synth 8-638] synthesizing module 'bd_0_hls_inst_0' [C:/Users/ihsan/Documents/MATLAB/svm_speech_23122022_30data_/HLS/SVM_speech_30/solution1/impl/vhdl/project.runs/synth_1/.Xil/Vivado-11740-IHSANALHAFIZ-LAPTOP/realtime/bd_0_hls_inst_0_stub.vhdl:99]
INFO: [Synth 8-256] done synthesizing module 'bd_0' (0#1) [c:/Users/ihsan/Documents/MATLAB/svm_speech_23122022_30data_/HLS/SVM_speech_30/solution1/impl/vhdl/project.gen/sources_1/bd/bd_0/synth/bd_0.vhd:111]
INFO: [Synth 8-256] done synthesizing module 'bd_0_wrapper' (0#1) [c:/Users/ihsan/Documents/MATLAB/svm_speech_23122022_30data_/HLS/SVM_speech_30/solution1/impl/vhdl/project.gen/sources_1/bd/bd_0/hdl/bd_0_wrapper.vhd:107]
---------------------------------------------------------------------------------
Finished RTL Elaboration : Time (s): cpu = 00:00:03 ; elapsed = 00:00:08 . Memory (MB): peak = 1322.637 ; gain = 504.180
---------------------------------------------------------------------------------
---------------------------------------------------------------------------------
Start Handling Custom Attributes
---------------------------------------------------------------------------------
---------------------------------------------------------------------------------
Finished Handling Custom Attributes : Time (s): cpu = 00:00:03 ; elapsed = 00:00:08 . Memory (MB): peak = 1322.637 ; gain = 504.180
---------------------------------------------------------------------------------
---------------------------------------------------------------------------------
Finished RTL Optimization Phase 1 : Time (s): cpu = 00:00:03 ; elapsed = 00:00:08 . Memory (MB): peak = 1322.637 ; gain = 504.180
---------------------------------------------------------------------------------
Netlist sorting complete. Time (s): cpu = 00:00:00 ; elapsed = 00:00:00.010 . Memory (MB): peak = 1322.637 ; gain = 0.000
INFO: [Project 1-570] Preparing netlist for logic optimization

Processing XDC Constraints
Initializing timing engine
Parsing XDC File [c:/Users/ihsan/Documents/MATLAB/svm_speech_23122022_30data_/HLS/SVM_speech_30/solution1/impl/vhdl/project.gen/sources_1/bd/bd_0/ip/bd_0_hls_inst_0/bd_0_hls_inst_0/bd_0_hls_inst_0_in_context.xdc] for cell 'bd_0_i/hls_inst'
Finished Parsing XDC File [c:/Users/ihsan/Documents/MATLAB/svm_speech_23122022_30data_/HLS/SVM_speech_30/solution1/impl/vhdl/project.gen/sources_1/bd/bd_0/ip/bd_0_hls_inst_0/bd_0_hls_inst_0/bd_0_hls_inst_0_in_context.xdc] for cell 'bd_0_i/hls_inst'
Parsing XDC File [C:/Users/ihsan/Documents/MATLAB/svm_speech_23122022_30data_/HLS/SVM_speech_30/solution1/impl/vhdl/svm_speech_30.xdc]
Finished Parsing XDC File [C:/Users/ihsan/Documents/MATLAB/svm_speech_23122022_30data_/HLS/SVM_speech_30/solution1/impl/vhdl/svm_speech_30.xdc]
Parsing XDC File [C:/Users/ihsan/Documents/MATLAB/svm_speech_23122022_30data_/HLS/SVM_speech_30/solution1/impl/vhdl/project.runs/synth_1/dont_touch.xdc]
Finished Parsing XDC File [C:/Users/ihsan/Documents/MATLAB/svm_speech_23122022_30data_/HLS/SVM_speech_30/solution1/impl/vhdl/project.runs/synth_1/dont_touch.xdc]
Completed Processing XDC Constraints

Netlist sorting complete. Time (s): cpu = 00:00:00 ; elapsed = 00:00:00 . Memory (MB): peak = 1341.336 ; gain = 0.000
INFO: [Project 1-111] Unisim Transformation Summary:
No Unisim elements were transformed.

Constraint Validation Runtime : Time (s): cpu = 00:00:01 ; elapsed = 00:00:00.029 . Memory (MB): peak = 1341.336 ; gain = 0.000
INFO: [Synth 8-11241] undeclared symbol 'REGCCE', assumed default net type 'wire' [C:/Xilinx/Vivado/2022.2/data/verilog/src/unimacro/BRAM_SINGLE_MACRO.v:2170]
---------------------------------------------------------------------------------
Finished Constraint Validation : Time (s): cpu = 00:00:05 ; elapsed = 00:00:18 . Memory (MB): peak = 1341.336 ; gain = 522.879
---------------------------------------------------------------------------------
---------------------------------------------------------------------------------
Start Loading Part and Timing Information
---------------------------------------------------------------------------------
Loading part: xc7z020clg400-1
---------------------------------------------------------------------------------
Finished Loading Part and Timing Information : Time (s): cpu = 00:00:05 ; elapsed = 00:00:18 . Memory (MB): peak = 1341.336 ; gain = 522.879
---------------------------------------------------------------------------------
---------------------------------------------------------------------------------
Start Applying 'set_property' XDC Constraints
---------------------------------------------------------------------------------
Applied set_property KEEP_HIERARCHY = SOFT for bd_0_i. (constraint file  auto generated constraint).
Applied set_property KEEP_HIERARCHY = SOFT for bd_0_i/hls_inst. (constraint file  auto generated constraint).
---------------------------------------------------------------------------------
Finished applying 'set_property' XDC Constraints : Time (s): cpu = 00:00:05 ; elapsed = 00:00:18 . Memory (MB): peak = 1341.336 ; gain = 522.879
---------------------------------------------------------------------------------
---------------------------------------------------------------------------------
Finished RTL Optimization Phase 2 : Time (s): cpu = 00:00:05 ; elapsed = 00:00:18 . Memory (MB): peak = 1341.336 ; gain = 522.879
---------------------------------------------------------------------------------
---------------------------------------------------------------------------------
Start RTL Component Statistics 
---------------------------------------------------------------------------------
Detailed RTL Component Info : 
---------------------------------------------------------------------------------
Finished RTL Component Statistics 
---------------------------------------------------------------------------------
---------------------------------------------------------------------------------
Start Part Resource Summary
---------------------------------------------------------------------------------
Part Resources:
DSPs: 220 (col length:60)
BRAMs: 280 (col length: RAMB18 60 RAMB36 30)
---------------------------------------------------------------------------------
Finished Part Resource Summary
---------------------------------------------------------------------------------
---------------------------------------------------------------------------------
Start Cross Boundary and Area Optimization
---------------------------------------------------------------------------------
WARNING: [Synth 8-7080] Parallel synthesis criteria is not met
---------------------------------------------------------------------------------
Finished Cross Boundary and Area Optimization : Time (s): cpu = 00:00:06 ; elapsed = 00:00:20 . Memory (MB): peak = 1341.336 ; gain = 522.879
---------------------------------------------------------------------------------
---------------------------------------------------------------------------------
Start Applying XDC Timing Constraints
---------------------------------------------------------------------------------
---------------------------------------------------------------------------------
Finished Applying XDC Timing Constraints : Time (s): cpu = 00:00:09 ; elapsed = 00:00:27 . Memory (MB): peak = 1341.336 ; gain = 522.879
---------------------------------------------------------------------------------
---------------------------------------------------------------------------------
Start Timing Optimization
---------------------------------------------------------------------------------
---------------------------------------------------------------------------------
Finished Timing Optimization : Time (s): cpu = 00:00:09 ; elapsed = 00:00:27 . Memory (MB): peak = 1341.336 ; gain = 522.879
---------------------------------------------------------------------------------
---------------------------------------------------------------------------------
Start Technology Mapping
---------------------------------------------------------------------------------
---------------------------------------------------------------------------------
Finished Technology Mapping : Time (s): cpu = 00:00:09 ; elapsed = 00:00:27 . Memory (MB): peak = 1341.336 ; gain = 522.879
---------------------------------------------------------------------------------
---------------------------------------------------------------------------------
Start IO Insertion
---------------------------------------------------------------------------------
---------------------------------------------------------------------------------
Start Flattening Before IO Insertion
---------------------------------------------------------------------------------
---------------------------------------------------------------------------------
Finished Flattening Before IO Insertion
---------------------------------------------------------------------------------
---------------------------------------------------------------------------------
Start Final Netlist Cleanup
---------------------------------------------------------------------------------
---------------------------------------------------------------------------------
Finished Final Netlist Cleanup
---------------------------------------------------------------------------------
---------------------------------------------------------------------------------
Finished IO Insertion : Time (s): cpu = 00:00:11 ; elapsed = 00:00:32 . Memory (MB): peak = 1341.336 ; gain = 522.879
---------------------------------------------------------------------------------
---------------------------------------------------------------------------------
Start Renaming Generated Instances
---------------------------------------------------------------------------------
---------------------------------------------------------------------------------
Finished Renaming Generated Instances : Time (s): cpu = 00:00:11 ; elapsed = 00:00:32 . Memory (MB): peak = 1341.336 ; gain = 522.879
---------------------------------------------------------------------------------
---------------------------------------------------------------------------------
Start Rebuilding User Hierarchy
---------------------------------------------------------------------------------
---------------------------------------------------------------------------------
Finished Rebuilding User Hierarchy : Time (s): cpu = 00:00:11 ; elapsed = 00:00:32 . Memory (MB): peak = 1341.336 ; gain = 522.879
---------------------------------------------------------------------------------
---------------------------------------------------------------------------------
Start Renaming Generated Ports
---------------------------------------------------------------------------------
---------------------------------------------------------------------------------
Finished Renaming Generated Ports : Time (s): cpu = 00:00:11 ; elapsed = 00:00:32 . Memory (MB): peak = 1341.336 ; gain = 522.879
---------------------------------------------------------------------------------
---------------------------------------------------------------------------------
Start Handling Custom Attributes
---------------------------------------------------------------------------------
---------------------------------------------------------------------------------
Finished Handling Custom Attributes : Time (s): cpu = 00:00:11 ; elapsed = 00:00:32 . Memory (MB): peak = 1341.336 ; gain = 522.879
---------------------------------------------------------------------------------
---------------------------------------------------------------------------------
Start Renaming Generated Nets
---------------------------------------------------------------------------------
---------------------------------------------------------------------------------
Finished Renaming Generated Nets : Time (s): cpu = 00:00:11 ; elapsed = 00:00:32 . Memory (MB): peak = 1341.336 ; gain = 522.879
---------------------------------------------------------------------------------
---------------------------------------------------------------------------------
Start Writing Synthesis Report
---------------------------------------------------------------------------------

Report BlackBoxes: 
+------+----------------+----------+
|      |BlackBox name   |Instances |
+------+----------------+----------+
|1     |bd_0_hls_inst_0 |         1|
+------+----------------+----------+

Report Cell Usage: 
+------+---------------------+------+
|      |Cell                 |Count |
+------+---------------------+------+
|1     |bd_0_hls_inst_0_bbox |     1|
+------+---------------------+------+
---------------------------------------------------------------------------------
Finished Writing Synthesis Report : Time (s): cpu = 00:00:11 ; elapsed = 00:00:32 . Memory (MB): peak = 1341.336 ; gain = 522.879
---------------------------------------------------------------------------------
Synthesis finished with 0 errors, 0 critical warnings and 1 warnings.
Synthesis Optimization Runtime : Time (s): cpu = 00:00:07 ; elapsed = 00:00:30 . Memory (MB): peak = 1341.336 ; gain = 504.180
Synthesis Optimization Complete : Time (s): cpu = 00:00:11 ; elapsed = 00:00:32 . Memory (MB): peak = 1341.336 ; gain = 522.879
INFO: [Project 1-571] Translating synthesized netlist
Netlist sorting complete. Time (s): cpu = 00:00:00 ; elapsed = 00:00:00.010 . Memory (MB): peak = 1341.336 ; gain = 0.000
INFO: [Project 1-570] Preparing netlist for logic optimization
INFO: [Opt 31-138] Pushed 0 inverter(s) to 0 load pin(s).
Netlist sorting complete. Time (s): cpu = 00:00:00 ; elapsed = 00:00:00 . Memory (MB): peak = 1351.906 ; gain = 0.000
INFO: [Project 1-111] Unisim Transformation Summary:
No Unisim elements were transformed.

Synth Design complete, checksum: fce0667e
INFO: [Common 17-83] Releasing license: Synthesis
24 Infos, 2 Warnings, 0 Critical Warnings and 0 Errors encountered.
synth_design completed successfully
synth_design: Time (s): cpu = 00:00:14 ; elapsed = 00:00:38 . Memory (MB): peak = 1351.906 ; gain = 944.133
INFO: [Common 17-1381] The checkpoint 'C:/Users/ihsan/Documents/MATLAB/svm_speech_23122022_30data_/HLS/SVM_speech_30/solution1/impl/vhdl/project.runs/synth_1/bd_0_wrapper.dcp' has been generated.
INFO: [runtcl-4] Executing : report_utilization -file bd_0_wrapper_utilization_synth.rpt -pb bd_0_wrapper_utilization_synth.pb
INFO: [Common 17-206] Exiting Vivado at Sat Dec 24 04:49:47 2022...
